# JRE version: OpenJDK Runtime Environment (11.0.20.1+1) (build 11.0.20.1+1-post-Ubuntu-0ubuntu122.04)
# Java VM: OpenJDK 64-Bit Server VM (11.0.20.1+1-post-Ubuntu-0ubuntu122.04, mixed mode, sharing, tiered, compressed oops, g1 gc, linux-amd64)
Heap:
 garbage-first heap   total 260096K, used 177517K [0x0000000709e00000, 0x0000000800000000)
  region size 1024K, 60 young (61440K), 4 survivors (4096K)
 Metaspace       used 7715K, capacity 9261K, committed 9344K, reserved 1056768K
  class space    used 967K, capacity 1399K, committed 1408K, reserved 1048576K
GC Heap History (12 events):
Event: 3,795 GC heap before
{Heap before GC invocations=0 (full 0):
 garbage-first heap   total 256000K, used 67280K [0x0000000709e00000, 0x0000000800000000)
  region size 1024K, 24 young (24576K), 0 survivors (0K)
 Metaspace       used 3739K, capacity 6298K, committed 6400K, reserved 1056768K
  class space    used 421K, capacity 741K, committed 768K, reserved 1048576K
}
Event: 3,803 GC heap after
{Heap after GC invocations=1 (full 0):
 garbage-first heap   total 256000K, used 44658K [0x0000000709e00000, 0x0000000800000000)
  region size 1024K, 2 young (2048K), 2 survivors (2048K)
 Metaspace       used 3739K, capacity 6298K, committed 6400K, reserved 1056768K
  class space    used 421K, capacity 741K, committed 768K, reserved 1048576K
}
Event: 4,189 GC heap before
{Heap before GC invocations=1 (full 0):
 garbage-first heap   total 256000K, used 194162K [0x0000000709e00000, 0x0000000800000000)
  region size 1024K, 148 young (151552K), 2 survivors (2048K)
 Metaspace       used 3742K, capacity 6298K, committed 6400K, reserved 1056768K
  class space    used 421K, capacity 741K, committed 768K, reserved 1048576K
}
Event: 4,192 GC heap after
{Heap after GC invocations=2 (full 0):
 garbage-first heap   total 256000K, used 44752K [0x0000000709e00000, 0x0000000800000000)
  region size 1024K, 2 young (2048K), 2 survivors (2048K)
 Metaspace       used 3742K, capacity 6298K, committed 6400K, reserved 1056768K
  class space    used 421K, capacity 741K, committed 768K, reserved 1048576K
}
Event: 4,416 GC heap before
{Heap before GC invocations=2 (full 0):
 garbage-first heap   total 256000K, used 194256K [0x0000000709e00000, 0x0000000800000000)
  region size 1024K, 148 young (151552K), 2 survivors (2048K)
 Metaspace       used 3742K, capacity 6298K, committed 6400K, reserved 1056768K
  class space    used 421K, capacity 741K, committed 768K, reserved 1048576K
}
Event: 4,419 GC heap after
{Heap after GC invocations=3 (full 0):
 garbage-first heap   total 256000K, used 44752K [0x0000000709e00000, 0x0000000800000000)
  region size 1024K, 2 young (2048K), 2 survivors (2048K)
 Metaspace       used 3742K, capacity 6298K, committed 6400K, reserved 1056768K
  class space    used 421K, capacity 741K, committed 768K, reserved 1048576K
}
Event: 4,628 GC heap before
{Heap before GC invocations=3 (full 0):
 garbage-first heap   total 256000K, used 194256K [0x0000000709e00000, 0x0000000800000000)
  region size 1024K, 148 young (151552K), 2 survivors (2048K)
 Metaspace       used 3742K, capacity 6298K, committed 6400K, reserved 1056768K
  class space    used 421K, capacity 741K, committed 768K, reserved 1048576K
}
Event: 4,631 GC heap after
{Heap after GC invocations=4 (full 0):
 garbage-first heap   total 256000K, used 44752K [0x0000000709e00000, 0x0000000800000000)
  region size 1024K, 2 young (2048K), 2 survivors (2048K)
 Metaspace       used 3742K, capacity 6298K, committed 6400K, reserved 1056768K
  class space    used 421K, capacity 741K, committed 768K, reserved 1048576K
}
Event: 4,898 GC heap before
{Heap before GC invocations=4 (full 0):
 garbage-first heap   total 256000K, used 145104K [0x0000000709e00000, 0x0000000800000000)
  region size 1024K, 96 young (98304K), 2 survivors (2048K)
 Metaspace       used 4928K, capacity 6808K, committed 7040K, reserved 1056768K
  class space    used 579K, capacity 893K, committed 896K, reserved 1048576K
}
Event: 4,902 GC heap after
{Heap after GC invocations=5 (full 0):
 garbage-first heap   total 256000K, used 50273K [0x0000000709e00000, 0x0000000800000000)
  region size 1024K, 3 young (3072K), 3 survivors (3072K)
 Metaspace       used 4928K, capacity 6808K, committed 7040K, reserved 1056768K
  class space    used 579K, capacity 893K, committed 896K, reserved 1048576K
}
Event: 19,695 GC heap before
{Heap before GC invocations=6 (full 0):
 garbage-first heap   total 256000K, used 254049K [0x0000000709e00000, 0x0000000800000000)
  region size 1024K, 134 young (137216K), 3 survivors (3072K)
 Metaspace       used 7620K, capacity 9071K, committed 9344K, reserved 1056768K
  class space    used 944K, capacity 1334K, committed 1408K, reserved 1048576K
}
Event: 19,701 GC heap after
{Heap after GC invocations=7 (full 0):
 garbage-first heap   total 260096K, used 121197K [0x0000000709e00000, 0x0000000800000000)
  region size 1024K, 4 young (4096K), 4 survivors (4096K)
 Metaspace       used 7620K, capacity 9071K, committed 9344K, reserved 1056768K
  class space    used 944K, capacity 1334K, committed 1408K, reserved 1048576K
}

