# JRE version: OpenJDK Runtime Environment (11.0.20.1+1) (build 11.0.20.1+1-post-Ubuntu-0ubuntu122.04)
# Java VM: OpenJDK 64-Bit Server VM (11.0.20.1+1-post-Ubuntu-0ubuntu122.04, mixed mode, sharing, tiered, compressed oops, g1 gc, linux-amd64)
Heap:
 garbage-first heap   total 260096K, used 177512K [0x0000000709e00000, 0x0000000800000000)
  region size 1024K, 60 young (61440K), 4 survivors (4096K)
 Metaspace       used 7589K, capacity 9165K, committed 9344K, reserved 1056768K
  class space    used 944K, capacity 1364K, committed 1408K, reserved 1048576K
GC Heap History (12 events):
Event: 2,969 GC heap before
{Heap before GC invocations=0 (full 0):
 garbage-first heap   total 256000K, used 67280K [0x0000000709e00000, 0x0000000800000000)
  region size 1024K, 24 young (24576K), 0 survivors (0K)
 Metaspace       used 3704K, capacity 6298K, committed 6400K, reserved 1056768K
  class space    used 421K, capacity 741K, committed 768K, reserved 1048576K
}
Event: 2,974 GC heap after
{Heap after GC invocations=1 (full 0):
 garbage-first heap   total 256000K, used 44662K [0x0000000709e00000, 0x0000000800000000)
  region size 1024K, 2 young (2048K), 2 survivors (2048K)
 Metaspace       used 3704K, capacity 6298K, committed 6400K, reserved 1056768K
  class space    used 421K, capacity 741K, committed 768K, reserved 1048576K
}
Event: 3,176 GC heap before
{Heap before GC invocations=1 (full 0):
 garbage-first heap   total 256000K, used 194166K [0x0000000709e00000, 0x0000000800000000)
  region size 1024K, 148 young (151552K), 2 survivors (2048K)
 Metaspace       used 3706K, capacity 6298K, committed 6400K, reserved 1056768K
  class space    used 421K, capacity 741K, committed 768K, reserved 1048576K
}
Event: 3,179 GC heap after
{Heap after GC invocations=2 (full 0):
 garbage-first heap   total 256000K, used 44744K [0x0000000709e00000, 0x0000000800000000)
  region size 1024K, 2 young (2048K), 2 survivors (2048K)
 Metaspace       used 3706K, capacity 6298K, committed 6400K, reserved 1056768K
  class space    used 421K, capacity 741K, committed 768K, reserved 1048576K
}
Event: 3,347 GC heap before
{Heap before GC invocations=2 (full 0):
 garbage-first heap   total 256000K, used 194248K [0x0000000709e00000, 0x0000000800000000)
  region size 1024K, 148 young (151552K), 2 survivors (2048K)
 Metaspace       used 3706K, capacity 6298K, committed 6400K, reserved 1056768K
  class space    used 421K, capacity 741K, committed 768K, reserved 1048576K
}
Event: 3,350 GC heap after
{Heap after GC invocations=3 (full 0):
 garbage-first heap   total 256000K, used 44810K [0x0000000709e00000, 0x0000000800000000)
  region size 1024K, 3 young (3072K), 3 survivors (3072K)
 Metaspace       used 3706K, capacity 6298K, committed 6400K, reserved 1056768K
  class space    used 421K, capacity 741K, committed 768K, reserved 1048576K
}
Event: 3,518 GC heap before
{Heap before GC invocations=3 (full 0):
 garbage-first heap   total 256000K, used 193290K [0x0000000709e00000, 0x0000000800000000)
  region size 1024K, 148 young (151552K), 3 survivors (3072K)
 Metaspace       used 3706K, capacity 6298K, committed 6400K, reserved 1056768K
  class space    used 421K, capacity 741K, committed 768K, reserved 1048576K
}
Event: 3,521 GC heap after
{Heap after GC invocations=4 (full 0):
 garbage-first heap   total 256000K, used 44869K [0x0000000709e00000, 0x0000000800000000)
  region size 1024K, 3 young (3072K), 3 survivors (3072K)
 Metaspace       used 3706K, capacity 6298K, committed 6400K, reserved 1056768K
  class space    used 421K, capacity 741K, committed 768K, reserved 1048576K
}
Event: 3,685 GC heap before
{Heap before GC invocations=4 (full 0):
 garbage-first heap   total 256000K, used 144197K [0x0000000709e00000, 0x0000000800000000)
  region size 1024K, 96 young (98304K), 3 survivors (3072K)
 Metaspace       used 4775K, capacity 6703K, committed 6784K, reserved 1056768K
  class space    used 553K, capacity 855K, committed 896K, reserved 1048576K
}
Event: 3,689 GC heap after
{Heap after GC invocations=5 (full 0):
 garbage-first heap   total 256000K, used 50106K [0x0000000709e00000, 0x0000000800000000)
  region size 1024K, 3 young (3072K), 3 survivors (3072K)
 Metaspace       used 4775K, capacity 6703K, committed 6784K, reserved 1056768K
  class space    used 553K, capacity 855K, committed 896K, reserved 1048576K
}
Event: 11,346 GC heap before
{Heap before GC invocations=6 (full 0):
 garbage-first heap   total 256000K, used 253882K [0x0000000709e00000, 0x0000000800000000)
  region size 1024K, 134 young (137216K), 3 survivors (3072K)
 Metaspace       used 7494K, capacity 8975K, committed 9344K, reserved 1056768K
  class space    used 921K, capacity 1299K, committed 1408K, reserved 1048576K
}
Event: 11,351 GC heap after
{Heap after GC invocations=7 (full 0):
 garbage-first heap   total 260096K, used 121192K [0x0000000709e00000, 0x0000000800000000)
  region size 1024K, 4 young (4096K), 4 survivors (4096K)
 Metaspace       used 7494K, capacity 8975K, committed 9344K, reserved 1056768K
  class space    used 921K, capacity 1299K, committed 1408K, reserved 1048576K
}

