# JRE version: OpenJDK Runtime Environment (11.0.20.1+1) (build 11.0.20.1+1-post-Ubuntu-0ubuntu122.04)
# Java VM: OpenJDK 64-Bit Server VM (11.0.20.1+1-post-Ubuntu-0ubuntu122.04, mixed mode, sharing, tiered, compressed oops, g1 gc, linux-amd64)
Heap:
 garbage-first heap   total 261120K, used 153361K [0x0000000709e00000, 0x0000000800000000)
  region size 1024K, 37 young (37888K), 5 survivors (5120K)
 Metaspace       used 7685K, capacity 9176K, committed 9344K, reserved 1056768K
  class space    used 953K, capacity 1370K, committed 1408K, reserved 1048576K
GC Heap History (12 events):
Event: 4,308 GC heap before
{Heap before GC invocations=0 (full 0):
 garbage-first heap   total 256000K, used 67280K [0x0000000709e00000, 0x0000000800000000)
  region size 1024K, 24 young (24576K), 0 survivors (0K)
 Metaspace       used 3780K, capacity 6298K, committed 6400K, reserved 1056768K
  class space    used 421K, capacity 741K, committed 768K, reserved 1048576K
}
Event: 4,314 GC heap after
{Heap after GC invocations=1 (full 0):
 garbage-first heap   total 256000K, used 44653K [0x0000000709e00000, 0x0000000800000000)
  region size 1024K, 2 young (2048K), 2 survivors (2048K)
 Metaspace       used 3780K, capacity 6298K, committed 6400K, reserved 1056768K
  class space    used 421K, capacity 741K, committed 768K, reserved 1048576K
}
Event: 4,657 GC heap before
{Heap before GC invocations=1 (full 0):
 garbage-first heap   total 256000K, used 194157K [0x0000000709e00000, 0x0000000800000000)
  region size 1024K, 148 young (151552K), 2 survivors (2048K)
 Metaspace       used 3783K, capacity 6298K, committed 6400K, reserved 1056768K
  class space    used 421K, capacity 741K, committed 768K, reserved 1048576K
}
Event: 4,660 GC heap after
{Heap after GC invocations=2 (full 0):
 garbage-first heap   total 256000K, used 44746K [0x0000000709e00000, 0x0000000800000000)
  region size 1024K, 2 young (2048K), 2 survivors (2048K)
 Metaspace       used 3783K, capacity 6298K, committed 6400K, reserved 1056768K
  class space    used 421K, capacity 741K, committed 768K, reserved 1048576K
}
Event: 4,850 GC heap before
{Heap before GC invocations=2 (full 0):
 garbage-first heap   total 256000K, used 194250K [0x0000000709e00000, 0x0000000800000000)
  region size 1024K, 148 young (151552K), 2 survivors (2048K)
 Metaspace       used 3783K, capacity 6298K, committed 6400K, reserved 1056768K
  class space    used 421K, capacity 741K, committed 768K, reserved 1048576K
}
Event: 4,853 GC heap after
{Heap after GC invocations=3 (full 0):
 garbage-first heap   total 256000K, used 44752K [0x0000000709e00000, 0x0000000800000000)
  region size 1024K, 2 young (2048K), 2 survivors (2048K)
 Metaspace       used 3783K, capacity 6298K, committed 6400K, reserved 1056768K
  class space    used 421K, capacity 741K, committed 768K, reserved 1048576K
}
Event: 5,042 GC heap before
{Heap before GC invocations=3 (full 0):
 garbage-first heap   total 256000K, used 194256K [0x0000000709e00000, 0x0000000800000000)
  region size 1024K, 148 young (151552K), 2 survivors (2048K)
 Metaspace       used 3783K, capacity 6298K, committed 6400K, reserved 1056768K
  class space    used 421K, capacity 741K, committed 768K, reserved 1048576K
}
Event: 5,045 GC heap after
{Heap after GC invocations=4 (full 0):
 garbage-first heap   total 256000K, used 44810K [0x0000000709e00000, 0x0000000800000000)
  region size 1024K, 3 young (3072K), 3 survivors (3072K)
 Metaspace       used 3783K, capacity 6298K, committed 6400K, reserved 1056768K
  class space    used 421K, capacity 741K, committed 768K, reserved 1048576K
}
Event: 5,237 GC heap before
{Heap before GC invocations=4 (full 0):
 garbage-first heap   total 256000K, used 143114K [0x0000000709e00000, 0x0000000800000000)
  region size 1024K, 95 young (97280K), 3 survivors (3072K)
 Metaspace       used 4812K, capacity 6703K, committed 6784K, reserved 1056768K
  class space    used 553K, capacity 855K, committed 896K, reserved 1048576K
}
Event: 5,240 GC heap after
{Heap after GC invocations=5 (full 0):
 garbage-first heap   total 256000K, used 50182K [0x0000000709e00000, 0x0000000800000000)
  region size 1024K, 3 young (3072K), 3 survivors (3072K)
 Metaspace       used 4812K, capacity 6703K, committed 6784K, reserved 1056768K
  class space    used 553K, capacity 855K, committed 896K, reserved 1048576K
}
Event: 30,097 GC heap before
{Heap before GC invocations=6 (full 0):
 garbage-first heap   total 256000K, used 253958K [0x0000000709e00000, 0x0000000800000000)
  region size 1024K, 134 young (137216K), 3 survivors (3072K)
 Metaspace       used 7681K, capacity 9176K, committed 9344K, reserved 1056768K
  class space    used 953K, capacity 1370K, committed 1408K, reserved 1048576K
}
Event: 30,104 GC heap after
{Heap after GC invocations=7 (full 0):
 garbage-first heap   total 261120K, used 121617K [0x0000000709e00000, 0x0000000800000000)
  region size 1024K, 5 young (5120K), 5 survivors (5120K)
 Metaspace       used 7681K, capacity 9176K, committed 9344K, reserved 1056768K
  class space    used 953K, capacity 1370K, committed 1408K, reserved 1048576K
}

